[NotebookApp | WARNING] No nbgrader_config.py file found (rerun with --debug to see where nbgrader is looking)
[NotebookApp | INFO] Loading the validate_assignment nbgrader serverextension
[NotebookApp | INFO] Serving notebooks from local directory: /Users/lindenlu/uiuc/Spring_2019/iMSA570_Redesign/iMSA570_Linden
[NotebookApp | INFO] The Jupyter Notebook is running at:
[NotebookApp | INFO] http://localhost:8888/?token=3d1de317861e3c3a4a9d1451eec8c02dea244f532a39aa52
[NotebookApp | INFO] Use Control-C to stop this server and shut down all kernels (twice to skip confirmation).
[NotebookApp | CRITICAL] 
    
    To access the notebook, open this file in a browser:
        file:///Users/lindenlu/Library/Jupyter/runtime/nbserver-96646-open.html
    Or copy and paste one of these URLs:
        http://localhost:8888/?token=3d1de317861e3c3a4a9d1451eec8c02dea244f532a39aa52
[NotebookApp | CRITICAL] Unwritable directory, please contact your instructor: /srv/nbgrader/exchange
[NotebookApp | CRITICAL] Unwritable directory, please contact your instructor: /srv/nbgrader/exchange
[NotebookApp | CRITICAL] Unwritable directory, please contact your instructor: /srv/nbgrader/exchange
[NotebookApp | CRITICAL] Unwritable directory, please contact your instructor: /srv/nbgrader/exchange
[QuickStartApp | WARNING] No nbgrader_config.py file found (rerun with --debug to see where nbgrader is looking)
[QuickStartApp | INFO] Creating directory '/Users/lindenlu/uiuc/Spring_2019/iMSA570_Redesign/iMSA570_Linden/assignment_nbg'...
[QuickStartApp | INFO] Copying example from the user guide...
[QuickStartApp | INFO] Generating example config file...
[QuickStartApp | INFO] Done! The course files are located in '/Users/lindenlu/uiuc/Spring_2019/iMSA570_Redesign/iMSA570_Linden/assignment_nbg'.
    
    To get started, you can edit the source notebooks located in:
    
        /Users/lindenlu/uiuc/Spring_2019/iMSA570_Redesign/iMSA570_Linden/assignment_nbg/source/ps1
    
    Once you have edited them to your satisfaction, you can create
    the student version by running `nbgrader assign ps1` from the
    '/Users/lindenlu/uiuc/Spring_2019/iMSA570_Redesign/iMSA570_Linden/assignment_nbg' directory.
    
    For further details, please see the full nbgrader documentation at:
    
        https://nbgrader.readthedocs.io/
    
[NotebookApp | CRITICAL] Unwritable directory, please contact your instructor: /srv/nbgrader/exchange
[NotebookApp | CRITICAL] Unwritable directory, please contact your instructor: /srv/nbgrader/exchange
[NotebookApp | CRITICAL] Unwritable directory, please contact your instructor: /srv/nbgrader/exchange
[NotebookApp | CRITICAL] Unwritable directory, please contact your instructor: /srv/nbgrader/exchange
[NotebookApp | CRITICAL] Unwritable directory, please contact your instructor: /srv/nbgrader/exchange
[NotebookApp | CRITICAL] Unwritable directory, please contact your instructor: /srv/nbgrader/exchange
[NotebookApp | CRITICAL] Unwritable directory, please contact your instructor: /srv/nbgrader/exchange
[NotebookApp | CRITICAL] Unwritable directory, please contact your instructor: /srv/nbgrader/exchange
[NotebookApp | INFO] interrupted
[NotebookApp | CRITICAL] Shutdown confirmed
[NotebookApp | INFO] Shutting down 0 kernels
[NotebookApp | WARNING] No nbgrader_config.py file found (rerun with --debug to see where nbgrader is looking)
[NotebookApp | INFO] Loading the validate_assignment nbgrader serverextension
[NotebookApp | INFO] Serving notebooks from local directory: /Users/lindenlu/uiuc/Spring_2019/iMSA570_Redesign/iMSA570_Linden
[NotebookApp | INFO] The Jupyter Notebook is running at:
[NotebookApp | INFO] http://localhost:8888/?token=e3957a2502057b2658af219c6eb774297d1387b4dfe61330
[NotebookApp | INFO] Use Control-C to stop this server and shut down all kernels (twice to skip confirmation).
[NotebookApp | CRITICAL] 
    
    To access the notebook, open this file in a browser:
        file:///Users/lindenlu/Library/Jupyter/runtime/nbserver-3336-open.html
    Or copy and paste one of these URLs:
        http://localhost:8888/?token=e3957a2502057b2658af219c6eb774297d1387b4dfe61330
[NotebookApp | WARNING] 404 GET /api/contents/source/module1?type=directory&_=1557507948465 (::1): No such file or directory: source/module1
[NotebookApp | WARNING] No such file or directory: source/module1
[NotebookApp | WARNING] 404 GET /api/contents/source/module1?type=directory&_=1557507948465 (::1) 4.95ms referer=http://localhost:8888/tree/source/module1
[NotebookApp | WARNING] 404 GET /api/kernels/fe3987ca-65c9-4527-a072-33d9c0f95c81/channels?session_id=f570d6551574453896600ac64a885028 (::1): Kernel does not exist: fe3987ca-65c9-4527-a072-33d9c0f95c81
[NotebookApp | WARNING] 404 GET /api/kernels/fe3987ca-65c9-4527-a072-33d9c0f95c81/channels?session_id=f570d6551574453896600ac64a885028 (::1) 37.62ms referer=None
[NotebookApp | WARNING] 404 GET /api/kernels/69163f9d-9b9e-44e2-af65-6b0c83ca3788/channels?session_id=e3941855340740c8b37c427da0883f15 (::1): Kernel does not exist: 69163f9d-9b9e-44e2-af65-6b0c83ca3788
[NotebookApp | WARNING] 404 GET /api/kernels/69163f9d-9b9e-44e2-af65-6b0c83ca3788/channels?session_id=e3941855340740c8b37c427da0883f15 (::1) 4.44ms referer=None
[NotebookApp | WARNING] 404 GET /api/kernels/fe3987ca-65c9-4527-a072-33d9c0f95c81/channels?session_id=1ed7c36dad3a45ecaf218830ec0df8be (::1): Kernel does not exist: fe3987ca-65c9-4527-a072-33d9c0f95c81
[NotebookApp | WARNING] 404 GET /api/kernels/fe3987ca-65c9-4527-a072-33d9c0f95c81/channels?session_id=1ed7c36dad3a45ecaf218830ec0df8be (::1) 4.59ms referer=None
[NotebookApp | WARNING] 404 GET /api/kernels/4f48b24d-35c3-40c9-bf53-722e6038558c/channels?session_id=00d303938f8441a2b6421491bf299471 (::1): Kernel does not exist: 4f48b24d-35c3-40c9-bf53-722e6038558c
[NotebookApp | WARNING] 404 GET /api/kernels/4f48b24d-35c3-40c9-bf53-722e6038558c/channels?session_id=00d303938f8441a2b6421491bf299471 (::1) 4.90ms referer=None
[NotebookApp | WARNING] 404 GET /api/kernels/c2bd1433-6308-4c93-8558-5a23efef46a4/channels?session_id=829c7669e75c47d9856af607b2dcba4b (::1): Kernel does not exist: c2bd1433-6308-4c93-8558-5a23efef46a4
[NotebookApp | WARNING] 404 GET /api/kernels/c2bd1433-6308-4c93-8558-5a23efef46a4/channels?session_id=829c7669e75c47d9856af607b2dcba4b (::1) 4.04ms referer=None
[NotebookApp | WARNING] 404 GET /api/contents/source/Module1?type=directory&_=1557508372232 (::1): No such file or directory: source/Module1
[NotebookApp | WARNING] No such file or directory: source/Module1
[NotebookApp | WARNING] 404 GET /api/contents/source/Module1?type=directory&_=1557508372232 (::1) 2.47ms referer=http://localhost:8888/tree/source/Module1
[NotebookApp | WARNING] 404 GET /api/contents/source/Module1?type=directory&_=1557508011750 (::1): No such file or directory: source/Module1
[NotebookApp | WARNING] No such file or directory: source/Module1
[NotebookApp | WARNING] 404 GET /api/contents/source/Module1?type=directory&_=1557508011750 (::1) 1.88ms referer=http://localhost:8888/tree/source/Module1
[NotebookApp | INFO] Kernel started: 1e487e7e-e208-470b-916e-bafd9d10f3ed
[NotebookApp | INFO] Adapting to protocol v5.1 for kernel 1e487e7e-e208-470b-916e-bafd9d10f3ed
[NotebookApp | WARNING] 404 GET /api/contents/uiuc/Data_Carpentry/python-business/data/data_code?type=directory&_=1556842230676 (::1): No such file or directory: uiuc/Data_Carpentry/python-business/data/data_code
[NotebookApp | WARNING] No such file or directory: uiuc/Data_Carpentry/python-business/data/data_code
[NotebookApp | WARNING] 404 GET /api/contents/uiuc/Data_Carpentry/python-business/data/data_code?type=directory&_=1556842230676 (::1) 2.49ms referer=http://localhost:8888/tree/uiuc/Data_Carpentry/python-business/data/data_code
[NotebookApp | CRITICAL] Unwritable directory, please contact your instructor: /srv/nbgrader/exchange
[NotebookApp | CRITICAL] Unwritable directory, please contact your instructor: /srv/nbgrader/exchange
[NotebookApp | CRITICAL] Unwritable directory, please contact your instructor: /srv/nbgrader/exchange
[NotebookApp | CRITICAL] Unwritable directory, please contact your instructor: /srv/nbgrader/exchange
[NotebookApp | INFO] Starting buffering for 1e487e7e-e208-470b-916e-bafd9d10f3ed:c184f0c93f7c41a18d2db49a1e0b63aa
[NotebookApp | INFO] interrupted
[NotebookApp | CRITICAL] Shutdown confirmed
[NotebookApp | INFO] Shutting down 1 kernel
[NotebookApp | INFO] Kernel shutdown: 1e487e7e-e208-470b-916e-bafd9d10f3ed
